0 info it worked if it ends with ok
1 verbose cli [ 'node', '/usr/local/bin/npm', 'publish' ]
2 info using npm@1.4.3
3 info using node@v0.10.26
4 verbose publish [ '.' ]
5 error Error: No version provided
5 error     at needVersion (/usr/local/lib/node_modules/npm/lib/publish.js:116:40)
5 error     at /usr/local/lib/node_modules/npm/lib/publish.js:35:10
5 error     at /usr/local/lib/node_modules/npm/node_modules/read-package-json/read-json.js:51:40
5 error     at final (/usr/local/lib/node_modules/npm/node_modules/read-package-json/read-json.js:335:17)
5 error     at then (/usr/local/lib/node_modules/npm/node_modules/read-package-json/read-json.js:126:33)
5 error     at /usr/local/lib/node_modules/npm/node_modules/read-package-json/read-json.js:317:40
5 error     at fs.js:266:14
5 error     at /usr/local/lib/node_modules/npm/node_modules/graceful-fs/graceful-fs.js:105:5
5 error     at Object.oncomplete (fs.js:107:15)
6 error If you need help, you may report this *entire* log,
6 error including the npm and node versions, at:
6 error     <http://github.com/npm/npm/issues>
7 error System Darwin 12.5.0
8 error command "node" "/usr/local/bin/npm" "publish"
9 error cwd /Users/egluhotorenko/Dropbox/source/ui-highcharts
10 error node -v v0.10.26
11 error npm -v 1.4.3
12 verbose exit [ 1, true ]
